[17:22:22] [main/INFO] (FabricLoader/GameProvider) Loading Minecraft 1.21.4 with Fabric Loader 0.16.9
[17:22:22] [main/INFO] (FabricLoader) Loading 54 mods:
	- fabric-api 0.112.0+1.21.4
	- fabric-api-base 0.4.53+453d4f9104
	- fabric-api-lookup-api-v1 1.6.85+b1caf1e904
	- fabric-biome-api-v1 15.0.5+b1caf1e904
	- fabric-block-api-v1 1.0.31+7feeb73304
	- fabric-block-view-api-v2 1.0.19+7feeb73304
	- fabric-blockrenderlayer-v1 2.0.7+7feeb73304
	- fabric-client-tags-api-v1 1.1.28+20ea1e2304
	- fabric-command-api-v1 1.2.61+f71b366f04
	- fabric-command-api-v2 2.2.40+e496eb1504
	- fabric-commands-v0 0.2.78+df3654b304
	- fabric-content-registries-v0 9.1.13+7feeb73304
	- fabric-convention-tags-v1 2.1.7+7f945d5b04
	- fabric-convention-tags-v2 2.9.7+b1caf1e904
	- fabric-crash-report-info-v1 0.3.6+7feeb73304
	- fabric-data-attachment-api-v1 1.4.4+9aea556b04
	- fabric-data-generation-api-v1 22.2.0+20ea1e2304
	- fabric-dimensions-v1 4.0.10+7feeb73304
	- fabric-entity-events-v1 2.0.11+60fccc7604
	- fabric-events-interaction-v0 4.0.1+a4eebcf004
	- fabric-game-rule-api-v1 1.0.62+7feeb73304
	- fabric-gametest-api-v1 2.0.20+7feeb73304
	- fabric-item-api-v1 11.1.13+203e6b2304
	- fabric-item-group-api-v1 4.1.22+7feeb73304
	- fabric-key-binding-api-v1 1.0.56+7feeb73304
	- fabric-keybindings-v0 0.2.54+df3654b304
	- fabric-lifecycle-events-v1 2.5.3+bf2a60eb04
	- fabric-loot-api-v2 3.0.32+3f89f5a504
	- fabric-loot-api-v3 1.0.20+203e6b2304
	- fabric-message-api-v1 6.0.24+7feeb73304
	- fabric-model-loading-api-v1 4.1.0+7b6b225304
	- fabric-networking-api-v1 4.3.8+cc0fa2fe04
	- fabric-object-builder-api-v1 18.0.6+e604fe7f04
	- fabric-particles-v1 4.0.13+7feeb73304
	- fabric-recipe-api-v1 8.0.4+b1caf1e904
	- fabric-registry-sync-v0 6.1.0+9ba00ebb04
	- fabric-renderer-api-v1 5.0.1+84404cdd04
	- fabric-renderer-indigo 2.0.1+84404cdd04
	- fabric-rendering-data-attachment-v1 0.3.57+73761d2e04
	- fabric-rendering-fluids-v1 3.1.18+7feeb73304
	- fabric-rendering-v1 10.1.1+b874120c04
	- fabric-resource-conditions-api-v1 5.0.13+203e6b2304
	- fabric-resource-loader-v0 3.0.11+b1caf1e904
	- fabric-screen-api-v1 2.0.37+7feeb73304
	- fabric-screen-handler-api-v1 1.3.107+7feeb73304
	- fabric-sound-api-v1 1.0.32+7feeb73304
	- fabric-tag-api-v1 1.0.1+20ea1e2304
	- fabric-transfer-api-v1 5.4.7+b1caf1e904
	- fabric-transitive-access-wideners-v1 6.3.2+56e78b9b04
	- fabricloader 0.16.9
	- java 21
	- minecraft 1.21.4
	- mixinextras 0.4.1
	- oceanclient 1.0-SNAPSHOT
[17:22:22] [main/INFO] (FabricLoader/Mixin) SpongePowered MIXIN Subsystem Version=0.8.7 Source=file:/home/limetable/.gradle/caches/modules-2/files-2.1/net.fabricmc/sponge-mixin/0.15.4+mixin.0.8.7/6a12aacc794f1078458433116e9ed42c1cc98096/sponge-mixin-0.15.4+mixin.0.8.7.jar Service=Knot/Fabric Env=CLIENT
[17:22:22] [main/INFO] (FabricLoader/Mixin) Loaded Fabric development mappings for mixin remapper!
[17:22:23] [main/INFO] (FabricLoader/Mixin) Compatibility level set to JAVA_21
[17:22:24] [main/INFO] (FabricLoader/MixinExtras|Service) Initializing MixinExtras via com.llamalad7.mixinextras.service.MixinExtrasServiceImpl(version=0.4.1).
[17:22:26] [Datafixer Bootstrap/INFO] (Minecraft) 243 Datafixer optimizations took 662 milliseconds
[17:22:33] [Render thread/INFO] (Minecraft) Environment: Environment[sessionHost=https://sessionserver.mojang.com, servicesHost=https://api.minecraftservices.com, name=PROD]
[17:22:33] [Render thread/INFO] (Minecraft) Setting user: Player34
[17:22:34] [Render thread/INFO] (Indigo) [Indigo] Registering Indigo renderer!
[17:22:34] [Render thread/INFO] (Minecraft) [STDOUT]: OceanClient Init Process started!
[17:22:34] [Render thread/INFO] (Minecraft) Backend library: LWJGL version 3.3.3-snapshot
[17:22:35] [Render thread/WARN] (Minecraft) Missing translation key for rename: item.minecraft.dune_armor_trim_smithing_template.new
[17:22:35] [Render thread/WARN] (Minecraft) Missing translation key for rename: item.minecraft.eye_armor_trim_smithing_template.new
[17:22:35] [Render thread/WARN] (Minecraft) Missing translation key for rename: item.minecraft.flow_armor_trim_smithing_template.new
[17:22:35] [Render thread/WARN] (Minecraft) Missing translation key for rename: item.minecraft.bolt_armor_trim_smithing_template.new
[17:22:35] [Render thread/WARN] (Minecraft) Missing translation key for rename: item.minecraft.host_armor_trim_smithing_template.new
[17:22:35] [Render thread/WARN] (Minecraft) Missing translation key for rename: item.minecraft.netherite_upgrade_smithing_template.new
[17:22:35] [Render thread/WARN] (Minecraft) Missing translation key for rename: item.minecraft.raiser_armor_trim_smithing_template.new
[17:22:35] [Render thread/WARN] (Minecraft) Missing translation key for rename: item.minecraft.rib_armor_trim_smithing_template.new
[17:22:35] [Render thread/WARN] (Minecraft) Missing translation key for rename: item.minecraft.sentry_armor_trim_smithing_template.new
[17:22:35] [Render thread/WARN] (Minecraft) Missing translation key for rename: item.minecraft.shaper_armor_trim_smithing_template.new
[17:22:35] [Render thread/WARN] (Minecraft) Missing translation key for rename: item.minecraft.silence_armor_trim_smithing_template.new
[17:22:35] [Render thread/WARN] (Minecraft) Missing translation key for rename: item.minecraft.snout_armor_trim_smithing_template.new
[17:22:35] [Render thread/WARN] (Minecraft) Missing translation key for rename: item.minecraft.spire_armor_trim_smithing_template.new
[17:22:35] [Render thread/WARN] (Minecraft) Missing translation key for rename: item.minecraft.tide_armor_trim_smithing_template.new
[17:22:35] [Render thread/WARN] (Minecraft) Missing translation key for rename: item.minecraft.vex_armor_trim_smithing_template.new
[17:22:35] [Render thread/WARN] (Minecraft) Missing translation key for rename: item.minecraft.ward_armor_trim_smithing_template.new
[17:22:35] [Render thread/WARN] (Minecraft) Missing translation key for rename: item.minecraft.wayfinder_armor_trim_smithing_template.new
[17:22:35] [Render thread/WARN] (Minecraft) Missing translation key for rename: item.minecraft.wild_armor_trim_smithing_template.new
[17:22:35] [Render thread/WARN] (Minecraft) Missing translation key for rename: item.minecraft.coast_armor_trim_smithing_template.new
[17:22:35] [Render thread/WARN] (Minecraft) Missing translation key for rename: item.minecraft.creeper_banner_pattern.new
[17:22:35] [Render thread/WARN] (Minecraft) Missing translation key for rename: item.minecraft.flow_banner_pattern.new
[17:22:35] [Render thread/WARN] (Minecraft) Missing translation key for rename: item.minecraft.flower_banner_pattern.new
[17:22:35] [Render thread/WARN] (Minecraft) Missing translation key for rename: item.minecraft.globe_banner_pattern.new
[17:22:35] [Render thread/WARN] (Minecraft) Missing translation key for rename: item.minecraft.guster_banner_pattern.new
[17:22:35] [Render thread/WARN] (Minecraft) Missing translation key for rename: item.minecraft.mojang_banner_pattern.new
[17:22:35] [Render thread/WARN] (Minecraft) Missing translation key for rename: item.minecraft.piglin_banner_pattern.new
[17:22:35] [Render thread/WARN] (Minecraft) Missing translation key for rename: item.minecraft.skull_banner_pattern.new
[17:22:35] [Render thread/WARN] (Minecraft) Missing translation key for rename: lanServer.port.unavailable.new
[17:22:35] [Render thread/WARN] (Minecraft) Missing translation key for rename: lanServer.port.invalid.new
[17:22:35] [Render thread/WARN] (Minecraft) Missing translation key for rename: multiplayer.disconnect.invalid_public_key_signature.new
[17:22:35] [Render thread/WARN] (Minecraft) Missing translation key for rename: selectWorld.allowCommands.new
[17:22:35] [Render thread/WARN] (Minecraft) Missing translation key for rename: gui.abuseReport.reason.generic
[17:22:35] [Render thread/WARN] (Minecraft) Missing translation key for rename: gui.abuseReport.reason.generic.description
[17:22:35] [Render thread/WARN] (Minecraft) Missing translation key for rename: commands.drop.no_loot_table
[17:22:35] [Render thread/WARN] (Minecraft) Missing translation key for rename: item.op_block_warning.line1
[17:22:35] [Render thread/WARN] (Minecraft) Missing translation key for rename: item.op_block_warning.line2
[17:22:35] [Render thread/WARN] (Minecraft) Missing translation key for rename: item.op_block_warning.line3
[17:22:35] [Render thread/INFO] (Minecraft) Reloading ResourceManager: vanilla, fabric, fabric-api, fabric-api-base, fabric-api-lookup-api-v1, fabric-biome-api-v1, fabric-block-api-v1, fabric-block-view-api-v2, fabric-blockrenderlayer-v1, fabric-client-tags-api-v1, fabric-command-api-v1, fabric-command-api-v2, fabric-commands-v0, fabric-content-registries-v0, fabric-convention-tags-v1, fabric-convention-tags-v2, fabric-crash-report-info-v1, fabric-data-attachment-api-v1, fabric-data-generation-api-v1, fabric-dimensions-v1, fabric-entity-events-v1, fabric-events-interaction-v0, fabric-game-rule-api-v1, fabric-gametest-api-v1, fabric-item-api-v1, fabric-item-group-api-v1, fabric-key-binding-api-v1, fabric-keybindings-v0, fabric-lifecycle-events-v1, fabric-loot-api-v2, fabric-loot-api-v3, fabric-message-api-v1, fabric-model-loading-api-v1, fabric-networking-api-v1, fabric-object-builder-api-v1, fabric-particles-v1, fabric-recipe-api-v1, fabric-registry-sync-v0, fabric-renderer-api-v1, fabric-renderer-indigo, fabric-rendering-data-attachment-v1, fabric-rendering-fluids-v1, fabric-rendering-v1, fabric-resource-conditions-api-v1, fabric-resource-loader-v0, fabric-screen-api-v1, fabric-screen-handler-api-v1, fabric-sound-api-v1, fabric-tag-api-v1, fabric-transfer-api-v1, fabric-transitive-access-wideners-v1, fabricloader, oceanclient
[17:22:35] [Worker-Main-2/INFO] (Minecraft) Found unifont_all_no_pua-16.0.01.hex, loading
[17:22:36] [Worker-Main-2/INFO] (Minecraft) Found unifont_jp_patch-16.0.01.hex, loading
[17:22:38] [Render thread/INFO] (Minecraft) OpenAL initialized on device WH-CH520
[17:22:38] [Render thread/INFO] (Minecraft) Sound engine started
[17:22:38] [Render thread/INFO] (Minecraft) Created: 1024x512x4 minecraft:textures/atlas/blocks.png-atlas
[17:22:38] [Render thread/INFO] (Minecraft) Created: 256x256x4 minecraft:textures/atlas/signs.png-atlas
[17:22:38] [Render thread/INFO] (Minecraft) Created: 512x512x4 minecraft:textures/atlas/banner_patterns.png-atlas
[17:22:38] [Render thread/INFO] (Minecraft) Created: 512x512x4 minecraft:textures/atlas/shield_patterns.png-atlas
[17:22:38] [Render thread/INFO] (Minecraft) Created: 2048x1024x4 minecraft:textures/atlas/armor_trims.png-atlas
[17:22:38] [Render thread/INFO] (Minecraft) Created: 256x256x4 minecraft:textures/atlas/chest.png-atlas
[17:22:38] [Render thread/INFO] (Minecraft) Created: 128x64x4 minecraft:textures/atlas/decorated_pot.png-atlas
[17:22:38] [Render thread/INFO] (Minecraft) Created: 512x256x4 minecraft:textures/atlas/beds.png-atlas
[17:22:38] [Render thread/INFO] (Minecraft) Created: 512x256x4 minecraft:textures/atlas/shulker_boxes.png-atlas
[17:22:38] [Render thread/INFO] (Minecraft) Created: 64x64x0 minecraft:textures/atlas/map_decorations.png-atlas
[17:22:38] [Render thread/INFO] (Minecraft) Created: 512x256x0 minecraft:textures/atlas/particles.png-atlas
[17:22:38] [Render thread/INFO] (Minecraft) Created: 512x256x0 minecraft:textures/atlas/paintings.png-atlas
[17:22:38] [Render thread/INFO] (Minecraft) Created: 256x128x0 minecraft:textures/atlas/mob_effects.png-atlas
[17:22:38] [Render thread/INFO] (Minecraft) Created: 1024x512x0 minecraft:textures/atlas/gui.png-atlas
[17:23:22] [Render thread/INFO] (Minecraft) Stopping!
